<?xml version="1.0" encoding="UTF-8"?>
<!-- Generated by org.testng.reporters.JUnitReportReporter -->
<testsuite hostname="bhawna-atl" name="Testcases.logincases" tests="2" failures="0" timestamp="27 Jan 2020 10:25:46 GMT" time="2.998" errors="0">
  <testcase name="graphicimage_onLoginPage" time="0.178" classname="Testcases.logincases"/>
  <testcase name="When_ValidUserNameAndPassword_Expect_LoginPass" time="2.820" classname="Testcases.logincases"/>
</testsuite> <!-- Testcases.logincases -->
